# JRE version: OpenJDK Runtime Environment (20.0.2+9) (build 20.0.2+9-78)
# Java VM: OpenJDK 64-Bit Server VM (20.0.2+9-78, mixed mode, sharing, tiered, compressed oops, compressed class ptrs, g1 gc, windows-amd64)
GC Precious Log:
 CardTable entry size: 512
 Card Set container configuration: InlinePtr #cards 5 size 8 Array Of Cards #cards 12 size 40 Howl #buckets 4 coarsen threshold 1843 Howl Bitmap #cards 512 size 80 coarsen threshold 460 Card regions per heap region 1 cards per card region 2048
 CPUs: 4 total, 4 available
 Memory: 3979M
 Large Page Support: Disabled
 NUMA Support: Disabled
 Compressed Oops: Enabled (32-bit)
 Heap Region Size: 1M
 Heap Min Capacity: 8M
 Heap Initial Capacity: 64M
 Heap Max Capacity: 996M
 Pre-touch: Disabled
 Parallel Workers: 4
 Concurrent Workers: 1
 Concurrent Refinement Workers: 4
 Periodic GC: Disabled
Heap:
 garbage-first heap   total 37888K, used 24506K [0x00000000c1c00000, 0x0000000100000000)
  region size 1024K, 15 young (15360K), 3 survivors (3072K)
 Metaspace       used 31056K, committed 31360K, reserved 1114112K
  class space    used 3856K, committed 3968K, reserved 1048576K
GC Heap History (10 events):
Event: 4.349 GC heap before
{Heap before GC invocations=0 (full 0):
 garbage-first heap   total 65536K, used 15360K [0x00000000c1c00000, 0x0000000100000000)
  region size 1024K, 13 young (13312K), 0 survivors (0K)
 Metaspace       used 10758K, committed 11072K, reserved 1114112K
  class space    used 1239K, committed 1408K, reserved 1048576K
}
Event: 4.360 GC heap after
{Heap after GC invocations=1 (full 0):
 garbage-first heap   total 65536K, used 6900K [0x00000000c1c00000, 0x0000000100000000)
  region size 1024K, 2 young (2048K), 2 survivors (2048K)
 Metaspace       used 10758K, committed 11072K, reserved 1114112K
  class space    used 1239K, committed 1408K, reserved 1048576K
}
Event: 5.284 GC heap before
{Heap before GC invocations=1 (full 0):
 garbage-first heap   total 65536K, used 20212K [0x00000000c1c00000, 0x0000000100000000)
  region size 1024K, 15 young (15360K), 2 survivors (2048K)
 Metaspace       used 15887K, committed 16192K, reserved 1114112K
  class space    used 1931K, committed 2048K, reserved 1048576K
}
Event: 5.289 GC heap after
{Heap after GC invocations=2 (full 0):
 garbage-first heap   total 65536K, used 8486K [0x00000000c1c00000, 0x0000000100000000)
  region size 1024K, 2 young (2048K), 2 survivors (2048K)
 Metaspace       used 15887K, committed 16192K, reserved 1114112K
  class space    used 1931K, committed 2048K, reserved 1048576K
}
Event: 6.000 GC heap before
{Heap before GC invocations=2 (full 0):
 garbage-first heap   total 65536K, used 18726K [0x00000000c1c00000, 0x0000000100000000)
  region size 1024K, 13 young (13312K), 2 survivors (2048K)
 Metaspace       used 21274K, committed 21504K, reserved 1114112K
  class space    used 2712K, committed 2816K, reserved 1048576K
}
Event: 6.003 GC heap after
{Heap after GC invocations=3 (full 0):
 garbage-first heap   total 65536K, used 9948K [0x00000000c1c00000, 0x0000000100000000)
  region size 1024K, 3 young (3072K), 3 survivors (3072K)
 Metaspace       used 21274K, committed 21504K, reserved 1114112K
  class space    used 2712K, committed 2816K, reserved 1048576K
}
Event: 6.482 GC heap before
{Heap before GC invocations=4 (full 0):
 garbage-first heap   total 37888K, used 29404K [0x00000000c1c00000, 0x0000000100000000)
  region size 1024K, 22 young (22528K), 3 survivors (3072K)
 Metaspace       used 22427K, committed 22720K, reserved 1114112K
  class space    used 2816K, committed 2944K, reserved 1048576K
}
Event: 6.489 GC heap after
{Heap after GC invocations=5 (full 0):
 garbage-first heap   total 37888K, used 11539K [0x00000000c1c00000, 0x0000000100000000)
  region size 1024K, 3 young (3072K), 3 survivors (3072K)
 Metaspace       used 22427K, committed 22720K, reserved 1114112K
  class space    used 2816K, committed 2944K, reserved 1048576K
}
Event: 7.477 GC heap before
{Heap before GC invocations=5 (full 0):
 garbage-first heap   total 37888K, used 26899K [0x00000000c1c00000, 0x0000000100000000)
  region size 1024K, 18 young (18432K), 3 survivors (3072K)
 Metaspace       used 26585K, committed 26944K, reserved 1114112K
  class space    used 3366K, committed 3520K, reserved 1048576K
}
Event: 7.485 GC heap after
{Heap after GC invocations=6 (full 0):
 garbage-first heap   total 37888K, used 14266K [0x00000000c1c00000, 0x0000000100000000)
  region size 1024K, 3 young (3072K), 3 survivors (3072K)
 Metaspace       used 26585K, committed 26944K, reserved 1114112K
  class space    used 3366K, committed 3520K, reserved 1048576K
}

